[GIN] 2019/07/26 - 22:30:24 | 200 |    1.752431ms |             ::1 | GET      /
[GIN] 2019/07/26 - 22:30:24 | 304 |     179.424µs |             ::1 | GET      /static/admin/js/jquery.min.js
[GIN] 2019/07/26 - 22:30:24 | 404 |      68.251µs |             ::1 | GET      /static/favicon.ico
[GIN] 2019/07/26 - 22:30:25 | 200 |    1.774473ms |             ::1 | GET      /fish
[GIN] 2019/07/26 - 22:30:25 | 404 |       1.033µs |             ::1 | GET      /get/task/list
[GIN] 2019/07/26 - 22:30:27 | 200 |    1.466464ms |             ::1 | GET      /mail
[GIN] 2019/07/26 - 22:30:29 | 200 |    1.528353ms |             ::1 | GET      /setting
[GIN] 2019/07/26 - 22:30:30 | 200 |    1.134151ms |             ::1 | GET      /mail
[GIN] 2019/07/26 - 22:30:30 | 200 |    1.220934ms |             ::1 | GET      /fish
[GIN] 2019/07/26 - 22:30:30 | 404 |       1.495µs |             ::1 | GET      /get/task/list
[GIN] 2019/07/26 - 22:30:31 | 200 |    1.904972ms |             ::1 | GET      /fish
[GIN] 2019/07/26 - 22:30:31 | 404 |         897ns |             ::1 | GET      /get/task/list
[GIN] 2019/07/26 - 22:30:31 | 200 |    1.721903ms |             ::1 | GET      /setting
[GIN] 2019/07/26 - 22:30:33 | 200 |    1.129661ms |             ::1 | GET      /dashboard
[GIN] 2019/07/26 - 22:30:35 | 200 |     1.31317ms |             ::1 | GET      /fish
[GIN] 2019/07/26 - 22:30:35 | 404 |         1.8µs |             ::1 | GET      /get/task/list
[GIN] 2019/07/26 - 22:30:36 | 200 |      1.1044ms |             ::1 | GET      /mail
[GIN] 2019/07/26 - 22:30:37 | 200 |    1.050973ms |             ::1 | GET      /setting
[GIN] 2019/07/26 - 22:30:37 | 200 |    1.601516ms |             ::1 | GET      /mail
[GIN] 2019/07/26 - 22:30:37 | 200 |    1.026607ms |             ::1 | GET      /fish
[GIN] 2019/07/26 - 22:30:38 | 404 |         894ns |             ::1 | GET      /get/task/list
[GIN] 2019/07/26 - 22:30:38 | 200 |     973.169µs |             ::1 | GET      /dashboard
